TN:
SF:../../../../kadena_repl_sandbox/kda-env/init.repl
FNF:0
FNH:0
BRF:0
BRH:0
LF:0
LH:0
end_of_record
TN:
SF:../token.pact
FNF:0
FNH:0
BRF:0
BRH:0
LF:0
LH:0
end_of_record
TN:
SF:./bootstrap-modules/repl-coin-tools.repl
FNF:0
FNH:0
BRF:0
BRH:0
LF:0
LH:0
end_of_record
TN:
SF:./kadena/account-protocols-v1.pact
FNF:0
FNH:0
BRF:0
BRH:0
LF:0
LH:0
end_of_record
TN:
SF:./kadena/coin-v6.pact
FNF:0
FNH:0
BRF:0
BRH:0
LF:0
LH:0
end_of_record
TN:
SF:./kadena/fungible-util.pact
FNF:0
FNH:0
BRF:0
BRH:0
LF:0
LH:0
end_of_record
TN:
SF:./kadena/fungible-v2.pact
FNF:0
FNH:0
BRF:0
BRH:0
LF:0
LH:0
end_of_record
TN:
SF:./kadena/fungible-xchain-v1.pact
FNF:0
FNH:0
BRF:0
BRH:0
LF:0
LH:0
end_of_record
TN:
SF:./kadena/gas-payer-v1.pact
FNF:0
FNH:0
BRF:0
BRH:0
LF:0
LH:0
end_of_record
TN:
SF:./kadena/guards.pact
FNF:0
FNH:0
BRF:0
BRH:0
LF:0
LH:0
end_of_record
TN:
SF:./kadena/guards1.pact
FNF:0
FNH:0
BRF:0
BRH:0
LF:0
LH:0
end_of_record
TN:
SF:./marmalade/fixed-quote-policy.pact
FNF:0
FNH:0
BRF:0
BRH:0
LF:0
LH:0
end_of_record
TN:
SF:./marmalade/fixed-quote-royalty-policy.pact
FNF:0
FNH:0
BRF:0
BRH:0
LF:0
LH:0
end_of_record
TN:
SF:./marmalade/ledger.pact
FNF:0
FNH:0
BRF:0
BRH:0
LF:0
LH:0
end_of_record
TN:
SF:./marmalade/manifest.pact
FNF:0
FNH:0
BRF:0
BRH:0
LF:0
LH:0
end_of_record
TN:
SF:./marmalade/policy.pact
FNF:0
FNH:0
BRF:0
BRH:0
LF:0
LH:0
end_of_record
TN:
SF:./marmalade/poly-fungible-v2.pact
FNF:0
FNH:0
BRF:0
BRH:0
LF:0
LH:0
end_of_record
TN:
SF:./marmalade/token-policy-v1.pact
FNF:0
FNH:0
BRF:0
BRH:0
LF:0
LH:0
end_of_record
TN:
SF:/home/aflor/pactOrg/pact-contract-catalog/contracts/token-fungible/examples/token-test.repl
FNF:0
FNH:0
BRF:0
BRH:0
DA:0,3
DA:2,7
DA:4,2
DA:7,2
DA:8,3
DA:9,2
DA:10,2
DA:11,2
DA:13,6
DA:14,6
DA:15,6
DA:16,6
DA:19,3
DA:22,3
DA:25,4
DA:26,6
DA:27,6
DA:29,4
DA:30,7
DA:32,2
DA:37,2
DA:39,7
DA:40,5
DA:41,10
DA:44,7
DA:45,8
DA:46,10
DA:49,3
DA:50,2
DA:52,2
DA:57,2
LF:31
LH:31
end_of_record
TN:
SF:bootstrap-modules/basic-guards.pact
FNF:0
FNH:0
BRF:0
BRH:0
LF:0
LH:0
end_of_record
TN:
SF:init-kadena.repl
FNF:0
FNH:0
BRF:0
BRH:0
LF:0
LH:0
end_of_record
TN:
SF:init-marmalade.repl
FNF:0
FNH:0
BRF:0
BRH:0
LF:0
LH:0
end_of_record
TN:
SF:init-namespaces.repl
FNF:0
FNH:0
BRF:0
BRH:0
LF:0
LH:0
end_of_record
TN:
SF:init-pact-util-lib.repl
FNF:0
FNH:0
BRF:0
BRH:0
LF:0
LH:0
end_of_record
TN:
SF:init-test-accounts.repl
FNF:0
FNH:0
BRF:0
BRH:0
LF:0
LH:0
end_of_record
TN:
SF:pact-util-lib/util-chain-data.pact
FNF:0
FNH:0
BRF:0
BRH:0
LF:0
LH:0
end_of_record
TN:
SF:pact-util-lib/util-fungible.pact
FNF:0
FNH:0
BRF:0
BRH:0
LF:0
LH:0
end_of_record
TN:
SF:pact-util-lib/util-lists.pact
FNF:0
FNH:0
BRF:0
BRH:0
LF:0
LH:0
end_of_record
TN:
SF:pact-util-lib/util-math.pact
FNF:0
FNH:0
BRF:0
BRH:0
LF:0
LH:0
end_of_record
TN:
SF:pact-util-lib/util-random.pact
FNF:0
FNH:0
BRF:0
BRH:0
LF:0
LH:0
end_of_record
TN:
SF:pact-util-lib/util-strings.pact
FNF:0
FNH:0
BRF:0
BRH:0
LF:0
LH:0
end_of_record
TN:
SF:pact-util-lib/util-time.pact
FNF:0
FNH:0
BRF:0
BRH:0
LF:0
LH:0
end_of_record
TN:
SF:pact-util-lib/util-zk.pact
FNF:0
FNH:0
BRF:0
BRH:0
LF:0
LH:0
end_of_record
