TN:
SF:../../../../kadena_repl_sandbox/kda-env/init.repl
FNF:0
FNH:0
BRF:0
BRH:0
LF:0
LH:0
end_of_record
TN:
SF:../hello-world.pact
FNF:0
FNH:0
BRF:0
BRH:0
LF:0
LH:0
end_of_record
TN:
SF:./bootstrap-modules/repl-coin-tools.repl
FNF:0
FNH:0
BRF:0
BRH:0
LF:0
LH:0
end_of_record
TN:
SF:./kadena/account-protocols-v1.pact
FNF:0
FNH:0
BRF:0
BRH:0
LF:0
LH:0
end_of_record
TN:
SF:./kadena/coin-v6.pact
FNF:0
FNH:0
BRF:0
BRH:0
LF:0
LH:0
end_of_record
TN:
SF:./kadena/fungible-util.pact
FNF:0
FNH:0
BRF:0
BRH:0
LF:0
LH:0
end_of_record
TN:
SF:./kadena/fungible-v2.pact
FNF:0
FNH:0
BRF:0
BRH:0
LF:0
LH:0
end_of_record
TN:
SF:./kadena/fungible-xchain-v1.pact
FNF:0
FNH:0
BRF:0
BRH:0
LF:0
LH:0
end_of_record
TN:
SF:./kadena/gas-payer-v1.pact
FNF:0
FNH:0
BRF:0
BRH:0
LF:0
LH:0
end_of_record
TN:
SF:./kadena/guards.pact
FNF:0
FNH:0
BRF:0
BRH:0
LF:0
LH:0
end_of_record
TN:
SF:./kadena/guards1.pact
FNF:0
FNH:0
BRF:0
BRH:0
LF:0
LH:0
end_of_record
TN:
SF:./marmalade/fixed-quote-policy.pact
FNF:0
FNH:0
BRF:0
BRH:0
LF:0
LH:0
end_of_record
TN:
SF:./marmalade/fixed-quote-royalty-policy.pact
FNF:0
FNH:0
BRF:0
BRH:0
LF:0
LH:0
end_of_record
TN:
SF:./marmalade/ledger.pact
FNF:0
FNH:0
BRF:0
BRH:0
LF:0
LH:0
end_of_record
TN:
SF:./marmalade/manifest.pact
FNF:0
FNH:0
BRF:0
BRH:0
LF:0
LH:0
end_of_record
TN:
SF:./marmalade/policy.pact
FNF:0
FNH:0
BRF:0
BRH:0
LF:0
LH:0
end_of_record
TN:
SF:./marmalade/poly-fungible-v2.pact
FNF:0
FNH:0
BRF:0
BRH:0
LF:0
LH:0
end_of_record
TN:
SF:./marmalade/token-policy-v1.pact
FNF:0
FNH:0
BRF:0
BRH:0
LF:0
LH:0
end_of_record
TN:
SF:/home/aflor/pactOrg/pact-contract-catalog/contracts/hello-world/examples/hello-world-test.repl
FNF:0
FNH:0
BRF:0
BRH:0
DA:0,4
DA:2,3
DA:4,2
DA:7,2
DA:8,3
DA:9,2
DA:10,2
DA:13,6
DA:14,6
DA:15,6
DA:18,3
DA:20,2
DA:26,2
DA:31,7
DA:32,7
DA:33,7
DA:36,5
DA:37,3
DA:38,10
DA:41,5
DA:42,3
DA:43,12
DA:46,4
DA:47,7
DA:50,4
DA:51,7
DA:54,8
DA:55,8
DA:56,8
DA:59,12
DA:62,4
DA:63,7
DA:65,2
DA:69,2
DA:77,2
DA:78,7
DA:81,13
DA:83,2
DA:87,2
DA:90,3
DA:91,3
DA:92,7
DA:95,3
DA:96,3
DA:97,10
DA:100,3
DA:101,3
DA:102,10
DA:105,3
DA:106,3
DA:107,10
DA:110,5
DA:111,3
DA:112,10
DA:115,3
DA:116,13
DA:118,2
DA:122,2
DA:125,7
DA:128,6
DA:129,12
DA:133,3
DA:134,7
DA:136,2
DA:140,2
DA:147,7
DA:150,2
DA:151,10
DA:153,2
DA:157,2
DA:160,6
DA:161,3
DA:162,3
DA:163,3
DA:164,10
DA:168,3
DA:169,11
DA:171,2
LF:78
LH:78
end_of_record
TN:
SF:bootstrap-modules/basic-guards.pact
FNF:0
FNH:0
BRF:0
BRH:0
LF:0
LH:0
end_of_record
TN:
SF:init-kadena.repl
FNF:0
FNH:0
BRF:0
BRH:0
LF:0
LH:0
end_of_record
TN:
SF:init-marmalade.repl
FNF:0
FNH:0
BRF:0
BRH:0
LF:0
LH:0
end_of_record
TN:
SF:init-namespaces.repl
FNF:0
FNH:0
BRF:0
BRH:0
LF:0
LH:0
end_of_record
TN:
SF:init-pact-util-lib.repl
FNF:0
FNH:0
BRF:0
BRH:0
LF:0
LH:0
end_of_record
TN:
SF:init-test-accounts.repl
FNF:0
FNH:0
BRF:0
BRH:0
LF:0
LH:0
end_of_record
TN:
SF:pact-util-lib/util-chain-data.pact
FNF:0
FNH:0
BRF:0
BRH:0
LF:0
LH:0
end_of_record
TN:
SF:pact-util-lib/util-fungible.pact
FNF:0
FNH:0
BRF:0
BRH:0
LF:0
LH:0
end_of_record
TN:
SF:pact-util-lib/util-lists.pact
FNF:0
FNH:0
BRF:0
BRH:0
LF:0
LH:0
end_of_record
TN:
SF:pact-util-lib/util-math.pact
FNF:0
FNH:0
BRF:0
BRH:0
LF:0
LH:0
end_of_record
TN:
SF:pact-util-lib/util-random.pact
FNF:0
FNH:0
BRF:0
BRH:0
LF:0
LH:0
end_of_record
TN:
SF:pact-util-lib/util-strings.pact
FNF:0
FNH:0
BRF:0
BRH:0
LF:0
LH:0
end_of_record
TN:
SF:pact-util-lib/util-time.pact
FNF:0
FNH:0
BRF:0
BRH:0
LF:0
LH:0
end_of_record
TN:
SF:pact-util-lib/util-zk.pact
FNF:0
FNH:0
BRF:0
BRH:0
LF:0
LH:0
end_of_record
