TN:
SF:/home/aflor/pactOrg/pact-contract-catalog/contracts/hello-world/hello-world.pact
FN:2,hello-world.ADMIN.{J_L9wzuL8f8QlEHOxN_TJ5cvpExKzDE2RTGBpMm0_AI}
FN:22,hello-world.get-message.{J_L9wzuL8f8QlEHOxN_TJ5cvpExKzDE2RTGBpMm0_AI}
FN:10,hello-world.hello-world.{J_L9wzuL8f8QlEHOxN_TJ5cvpExKzDE2RTGBpMm0_AI}
FN:14,hello-world.store-message.{J_L9wzuL8f8QlEHOxN_TJ5cvpExKzDE2RTGBpMm0_AI}
FNDA:0,hello-world.ADMIN.{J_L9wzuL8f8QlEHOxN_TJ5cvpExKzDE2RTGBpMm0_AI}
FNDA:0,hello-world.get-message.{J_L9wzuL8f8QlEHOxN_TJ5cvpExKzDE2RTGBpMm0_AI}
FNDA:0,hello-world.hello-world.{J_L9wzuL8f8QlEHOxN_TJ5cvpExKzDE2RTGBpMm0_AI}
FNDA:0,hello-world.store-message.{J_L9wzuL8f8QlEHOxN_TJ5cvpExKzDE2RTGBpMm0_AI}
FNF:4
FNH:0
BRF:0
BRH:0
DA:2,0
DA:10,0
DA:12,0
DA:14,0
DA:16,0
DA:17,0
DA:18,0
DA:19,0
DA:22,0
DA:24,0
DA:25,0
DA:26,0
DA:28,0
LF:13
LH:0
end_of_record
